<?xml version="1.0" encoding="UTF-8"?>
<!-- Generated by org.testng.reporters.JUnitXMLReporter -->
<testsuite hostname="DESKTOP-LV0877J" ignored="0" name="Olay Test" tests="10" failures="0" timestamp="18 May 2020 15:42:01 GMT" time="195.457" errors="0">
  <testcase name="forgotPasswordTest" time="10.472" classname="com.qa.testCases.EnglistPageTest"/>
  <testcase name="inValidEnglishUkSignInTest" time="8.022" classname="com.qa.testCases.EnglistPageTest"/>
  <testcase name="registrationTest" time="14.51" classname="com.qa.testCases.EnglistPageTest"/>
  <testcase name="validEnglishUkSignInTest" time="10.552" classname="com.qa.testCases.EnglistPageTest"/>
  <testcase name="chineaseLoginTest" time="13.04" classname="com.qa.testCases.ChineasePageTest"/>
  <testcase name="chineaseRegistrationTest" time="13.045" classname="com.qa.testCases.ChineasePageTest"/>
  <testcase name="registerationInSpenish" time="17.66" classname="com.qa.testCases.SpainishPageTest"/>
  <testcase name="spenishSignInTest" time="7.178" classname="com.qa.testCases.SpainishPageTest"/>
  <testcase name="germanSignInTest" time="7.292" classname="com.qa.testCases.GermanPageTest"/>
  <testcase name="registerationInGerman" time="15.832" classname="com.qa.testCases.GermanPageTest"/>
</testsuite> <!-- Olay Test -->
