<?xml version="1.0" encoding="UTF-8"?>
<testng-results skipped="0" failed="0" ignored="0" total="10" passed="10">
  <reporter-output>
  </reporter-output>
  <suite name="Suite" duration-ms="195457" started-at="2020-05-18T15:38:45Z" finished-at="2020-05-18T15:42:01Z">
    <groups>
    </groups>
    <test name="Olay Test" duration-ms="195457" started-at="2020-05-18T15:38:45Z" finished-at="2020-05-18T15:42:01Z">
      <class name="com.qa.testCases.SpainishPageTest">
        <test-method status="PASS" signature="setUp(java.lang.reflect.Method)[pri:0, instance:com.qa.testCases.SpainishPageTest@53fb3dab]" name="setUp" is-config="true" duration-ms="6453" started-at="2020-05-18T15:40:43Z" finished-at="2020-05-18T15:40:50Z">
          <params>
            <param index="0">
              <value>
                <![CDATA[public void com.qa.testCases.SpainishPageTest.registerationInSpenish(java.lang.String,java.lang.String,java.lang.String,java.lang.String,java.lang.String,int,int,int,int) throws java.lang.InterruptedException]]>
              </value>
            </param>
          </params>
          <reporter-output>
          </reporter-output>
        </test-method> <!-- setUp -->
        <test-method status="PASS" signature="registerationInSpenish(java.lang.String, java.lang.String, java.lang.String, java.lang.String, java.lang.String, int, int, int, int)[pri:0, instance:com.qa.testCases.SpainishPageTest@53fb3dab]" name="registerationInSpenish" duration-ms="17660" started-at="2020-05-18T15:40:50Z" data-provider="getRegistrationData" finished-at="2020-05-18T15:41:07Z">
          <params>
            <param index="0">
              <value>
                <![CDATA[Munna]]>
              </value>
            </param>
            <param index="1">
              <value>
                <![CDATA[kumar]]>
              </value>
            </param>
            <param index="2">
              <value>
                <![CDATA[munna@gmail.com]]>
              </value>
            </param>
            <param index="3">
              <value>
                <![CDATA[testdata1234]]>
              </value>
            </param>
            <param index="4">
              <value>
                <![CDATA[testdata1234]]>
              </value>
            </param>
            <param index="5">
              <value>
                <![CDATA[3]]>
              </value>
            </param>
            <param index="6">
              <value>
                <![CDATA[9]]>
              </value>
            </param>
            <param index="7">
              <value>
                <![CDATA[1995]]>
              </value>
            </param>
            <param index="8">
              <value>
                <![CDATA[12356789]]>
              </value>
            </param>
          </params>
          <reporter-output>
          </reporter-output>
        </test-method> <!-- registerationInSpenish -->
        <test-method status="PASS" signature="teardown(java.lang.reflect.Method)[pri:0, instance:com.qa.testCases.SpainishPageTest@53fb3dab]" name="teardown" is-config="true" duration-ms="682" started-at="2020-05-18T15:41:07Z" finished-at="2020-05-18T15:41:08Z">
          <params>
            <param index="0">
              <value>
                <![CDATA[public void com.qa.testCases.SpainishPageTest.registerationInSpenish(java.lang.String,java.lang.String,java.lang.String,java.lang.String,java.lang.String,int,int,int,int) throws java.lang.InterruptedException]]>
              </value>
            </param>
          </params>
          <reporter-output>
          </reporter-output>
        </test-method> <!-- teardown -->
        <test-method status="PASS" signature="setUp(java.lang.reflect.Method)[pri:0, instance:com.qa.testCases.SpainishPageTest@53fb3dab]" name="setUp" is-config="true" duration-ms="6921" started-at="2020-05-18T15:41:08Z" finished-at="2020-05-18T15:41:15Z">
          <params>
            <param index="0">
              <value>
                <![CDATA[public void com.qa.testCases.SpainishPageTest.spenishSignInTest()]]>
              </value>
            </param>
          </params>
          <reporter-output>
          </reporter-output>
        </test-method> <!-- setUp -->
        <test-method status="PASS" signature="spenishSignInTest()[pri:0, instance:com.qa.testCases.SpainishPageTest@53fb3dab]" name="spenishSignInTest" duration-ms="7178" started-at="2020-05-18T15:41:15Z" finished-at="2020-05-18T15:41:22Z">
          <reporter-output>
          </reporter-output>
        </test-method> <!-- spenishSignInTest -->
        <test-method status="PASS" signature="teardown(java.lang.reflect.Method)[pri:0, instance:com.qa.testCases.SpainishPageTest@53fb3dab]" name="teardown" is-config="true" duration-ms="654" started-at="2020-05-18T15:41:22Z" finished-at="2020-05-18T15:41:23Z">
          <params>
            <param index="0">
              <value>
                <![CDATA[public void com.qa.testCases.SpainishPageTest.spenishSignInTest()]]>
              </value>
            </param>
          </params>
          <reporter-output>
          </reporter-output>
        </test-method> <!-- teardown -->
      </class> <!-- com.qa.testCases.SpainishPageTest -->
      <class name="com.qa.testCases.ChineasePageTest">
        <test-method status="PASS" signature="setUp(java.lang.reflect.Method)[pri:0, instance:com.qa.testCases.ChineasePageTest@4b013c76]" name="setUp" is-config="true" duration-ms="7283" started-at="2020-05-18T15:40:01Z" finished-at="2020-05-18T15:40:08Z">
          <params>
            <param index="0">
              <value>
                <![CDATA[public void com.qa.testCases.ChineasePageTest.chineaseLoginTest() throws java.lang.InterruptedException]]>
              </value>
            </param>
          </params>
          <reporter-output>
          </reporter-output>
        </test-method> <!-- setUp -->
        <test-method status="PASS" signature="chineaseLoginTest()[pri:0, instance:com.qa.testCases.ChineasePageTest@4b013c76]" name="chineaseLoginTest" duration-ms="13040" started-at="2020-05-18T15:40:08Z" finished-at="2020-05-18T15:40:21Z">
          <reporter-output>
          </reporter-output>
        </test-method> <!-- chineaseLoginTest -->
        <test-method status="PASS" signature="teardown(java.lang.reflect.Method)[pri:0, instance:com.qa.testCases.ChineasePageTest@4b013c76]" name="teardown" is-config="true" duration-ms="670" started-at="2020-05-18T15:40:21Z" finished-at="2020-05-18T15:40:22Z">
          <params>
            <param index="0">
              <value>
                <![CDATA[public void com.qa.testCases.ChineasePageTest.chineaseLoginTest() throws java.lang.InterruptedException]]>
              </value>
            </param>
          </params>
          <reporter-output>
          </reporter-output>
        </test-method> <!-- teardown -->
        <test-method status="PASS" signature="setUp(java.lang.reflect.Method)[pri:0, instance:com.qa.testCases.ChineasePageTest@4b013c76]" name="setUp" is-config="true" duration-ms="6627" started-at="2020-05-18T15:40:22Z" finished-at="2020-05-18T15:40:28Z">
          <params>
            <param index="0">
              <value>
                <![CDATA[public void com.qa.testCases.ChineasePageTest.chineaseRegistrationTest() throws java.io.IOException,org.json.simple.parser.ParseException,java.lang.InterruptedException]]>
              </value>
            </param>
          </params>
          <reporter-output>
          </reporter-output>
        </test-method> <!-- setUp -->
        <test-method status="PASS" signature="chineaseRegistrationTest()[pri:0, instance:com.qa.testCases.ChineasePageTest@4b013c76]" name="chineaseRegistrationTest" duration-ms="13045" started-at="2020-05-18T15:40:28Z" finished-at="2020-05-18T15:40:41Z">
          <reporter-output>
          </reporter-output>
        </test-method> <!-- chineaseRegistrationTest -->
        <test-method status="PASS" signature="teardown(java.lang.reflect.Method)[pri:0, instance:com.qa.testCases.ChineasePageTest@4b013c76]" name="teardown" is-config="true" duration-ms="749" started-at="2020-05-18T15:40:41Z" finished-at="2020-05-18T15:40:42Z">
          <params>
            <param index="0">
              <value>
                <![CDATA[public void com.qa.testCases.ChineasePageTest.chineaseRegistrationTest() throws java.io.IOException,org.json.simple.parser.ParseException,java.lang.InterruptedException]]>
              </value>
            </param>
          </params>
          <reporter-output>
          </reporter-output>
        </test-method> <!-- teardown -->
      </class> <!-- com.qa.testCases.ChineasePageTest -->
      <class name="com.qa.testCases.EnglistPageTest">
        <test-method status="PASS" signature="setUp(java.lang.reflect.Method)[pri:0, instance:com.qa.testCases.EnglistPageTest@548d708a]" name="setUp" is-config="true" duration-ms="8112" started-at="2020-05-18T15:38:45Z" finished-at="2020-05-18T15:38:53Z">
          <params>
            <param index="0">
              <value>
                <![CDATA[public void com.qa.testCases.EnglistPageTest.forgotPasswordTest()]]>
              </value>
            </param>
          </params>
          <reporter-output>
          </reporter-output>
        </test-method> <!-- setUp -->
        <test-method status="PASS" signature="forgotPasswordTest()[pri:0, instance:com.qa.testCases.EnglistPageTest@548d708a]" name="forgotPasswordTest" duration-ms="10472" started-at="2020-05-18T15:38:53Z" finished-at="2020-05-18T15:39:04Z">
          <reporter-output>
          </reporter-output>
        </test-method> <!-- forgotPasswordTest -->
        <test-method status="PASS" signature="teardown(java.lang.reflect.Method)[pri:0, instance:com.qa.testCases.EnglistPageTest@548d708a]" name="teardown" is-config="true" duration-ms="719" started-at="2020-05-18T15:39:04Z" finished-at="2020-05-18T15:39:05Z">
          <params>
            <param index="0">
              <value>
                <![CDATA[public void com.qa.testCases.EnglistPageTest.forgotPasswordTest()]]>
              </value>
            </param>
          </params>
          <reporter-output>
          </reporter-output>
        </test-method> <!-- teardown -->
        <test-method status="PASS" signature="setUp(java.lang.reflect.Method)[pri:0, instance:com.qa.testCases.EnglistPageTest@548d708a]" name="setUp" is-config="true" duration-ms="7660" started-at="2020-05-18T15:39:05Z" finished-at="2020-05-18T15:39:12Z">
          <params>
            <param index="0">
              <value>
                <![CDATA[public void com.qa.testCases.EnglistPageTest.inValidEnglishUkSignInTest()]]>
              </value>
            </param>
          </params>
          <reporter-output>
          </reporter-output>
        </test-method> <!-- setUp -->
        <test-method status="PASS" signature="inValidEnglishUkSignInTest()[pri:0, instance:com.qa.testCases.EnglistPageTest@548d708a]" name="inValidEnglishUkSignInTest" duration-ms="8022" started-at="2020-05-18T15:39:12Z" finished-at="2020-05-18T15:39:20Z">
          <reporter-output>
          </reporter-output>
        </test-method> <!-- inValidEnglishUkSignInTest -->
        <test-method status="PASS" signature="teardown(java.lang.reflect.Method)[pri:0, instance:com.qa.testCases.EnglistPageTest@548d708a]" name="teardown" is-config="true" duration-ms="634" started-at="2020-05-18T15:39:20Z" finished-at="2020-05-18T15:39:21Z">
          <params>
            <param index="0">
              <value>
                <![CDATA[public void com.qa.testCases.EnglistPageTest.inValidEnglishUkSignInTest()]]>
              </value>
            </param>
          </params>
          <reporter-output>
          </reporter-output>
        </test-method> <!-- teardown -->
        <test-method status="PASS" signature="setUp(java.lang.reflect.Method)[pri:0, instance:com.qa.testCases.EnglistPageTest@548d708a]" name="setUp" is-config="true" duration-ms="6739" started-at="2020-05-18T15:39:21Z" finished-at="2020-05-18T15:39:28Z">
          <params>
            <param index="0">
              <value>
                <![CDATA[public void com.qa.testCases.EnglistPageTest.registrationTest() throws java.lang.InterruptedException]]>
              </value>
            </param>
          </params>
          <reporter-output>
          </reporter-output>
        </test-method> <!-- setUp -->
        <test-method status="PASS" signature="registrationTest()[pri:0, instance:com.qa.testCases.EnglistPageTest@548d708a]" name="registrationTest" duration-ms="14510" started-at="2020-05-18T15:39:28Z" finished-at="2020-05-18T15:39:42Z">
          <reporter-output>
          </reporter-output>
        </test-method> <!-- registrationTest -->
        <test-method status="PASS" signature="teardown(java.lang.reflect.Method)[pri:0, instance:com.qa.testCases.EnglistPageTest@548d708a]" name="teardown" is-config="true" duration-ms="666" started-at="2020-05-18T15:39:42Z" finished-at="2020-05-18T15:39:43Z">
          <params>
            <param index="0">
              <value>
                <![CDATA[public void com.qa.testCases.EnglistPageTest.registrationTest() throws java.lang.InterruptedException]]>
              </value>
            </param>
          </params>
          <reporter-output>
          </reporter-output>
        </test-method> <!-- teardown -->
        <test-method status="PASS" signature="setUp(java.lang.reflect.Method)[pri:0, instance:com.qa.testCases.EnglistPageTest@548d708a]" name="setUp" is-config="true" duration-ms="6676" started-at="2020-05-18T15:39:43Z" finished-at="2020-05-18T15:39:49Z">
          <params>
            <param index="0">
              <value>
                <![CDATA[public void com.qa.testCases.EnglistPageTest.validEnglishUkSignInTest()]]>
              </value>
            </param>
          </params>
          <reporter-output>
          </reporter-output>
        </test-method> <!-- setUp -->
        <test-method status="PASS" signature="validEnglishUkSignInTest()[pri:0, instance:com.qa.testCases.EnglistPageTest@548d708a]" name="validEnglishUkSignInTest" duration-ms="10552" started-at="2020-05-18T15:39:49Z" finished-at="2020-05-18T15:40:00Z">
          <reporter-output>
          </reporter-output>
        </test-method> <!-- validEnglishUkSignInTest -->
        <test-method status="PASS" signature="teardown(java.lang.reflect.Method)[pri:0, instance:com.qa.testCases.EnglistPageTest@548d708a]" name="teardown" is-config="true" duration-ms="659" started-at="2020-05-18T15:40:00Z" finished-at="2020-05-18T15:40:01Z">
          <params>
            <param index="0">
              <value>
                <![CDATA[public void com.qa.testCases.EnglistPageTest.validEnglishUkSignInTest()]]>
              </value>
            </param>
          </params>
          <reporter-output>
          </reporter-output>
        </test-method> <!-- teardown -->
      </class> <!-- com.qa.testCases.EnglistPageTest -->
      <class name="com.qa.testCases.GermanPageTest">
        <test-method status="PASS" signature="setUp(java.lang.reflect.Method)[pri:0, instance:com.qa.testCases.GermanPageTest@cb0755b]" name="setUp" is-config="true" duration-ms="6499" started-at="2020-05-18T15:41:23Z" finished-at="2020-05-18T15:41:29Z">
          <params>
            <param index="0">
              <value>
                <![CDATA[public void com.qa.testCases.GermanPageTest.germanSignInTest()]]>
              </value>
            </param>
          </params>
          <reporter-output>
          </reporter-output>
        </test-method> <!-- setUp -->
        <test-method status="PASS" signature="germanSignInTest()[pri:0, instance:com.qa.testCases.GermanPageTest@cb0755b]" name="germanSignInTest" duration-ms="7292" started-at="2020-05-18T15:41:29Z" finished-at="2020-05-18T15:41:37Z">
          <reporter-output>
          </reporter-output>
        </test-method> <!-- germanSignInTest -->
        <test-method status="PASS" signature="teardown(java.lang.reflect.Method)[pri:0, instance:com.qa.testCases.GermanPageTest@cb0755b]" name="teardown" is-config="true" duration-ms="644" started-at="2020-05-18T15:41:37Z" finished-at="2020-05-18T15:41:37Z">
          <params>
            <param index="0">
              <value>
                <![CDATA[public void com.qa.testCases.GermanPageTest.germanSignInTest()]]>
              </value>
            </param>
          </params>
          <reporter-output>
          </reporter-output>
        </test-method> <!-- teardown -->
        <test-method status="PASS" signature="setUp(java.lang.reflect.Method)[pri:0, instance:com.qa.testCases.GermanPageTest@cb0755b]" name="setUp" is-config="true" duration-ms="6716" started-at="2020-05-18T15:41:37Z" finished-at="2020-05-18T15:41:44Z">
          <params>
            <param index="0">
              <value>
                <![CDATA[public void com.qa.testCases.GermanPageTest.registerationInGerman(java.lang.String,java.lang.String,java.lang.String,java.lang.String,java.lang.String,int,int,int,java.lang.String,java.lang.String,int,java.lang.String) throws java.lang.InterruptedException]]>
              </value>
            </param>
          </params>
          <reporter-output>
          </reporter-output>
        </test-method> <!-- setUp -->
        <test-method status="PASS" signature="registerationInGerman(java.lang.String, java.lang.String, java.lang.String, java.lang.String, java.lang.String, int, int, int, java.lang.String, java.lang.String, int, java.lang.String)[pri:0, instance:com.qa.testCases.GermanPageTest@cb0755b]" name="registerationInGerman" duration-ms="15832" started-at="2020-05-18T15:41:44Z" data-provider="getRegistrationData" finished-at="2020-05-18T15:42:00Z">
          <params>
            <param index="0">
              <value>
                <![CDATA[Munna]]>
              </value>
            </param>
            <param index="1">
              <value>
                <![CDATA[kumar]]>
              </value>
            </param>
            <param index="2">
              <value>
                <![CDATA[munna@gmail.com]]>
              </value>
            </param>
            <param index="3">
              <value>
                <![CDATA[testdata1234]]>
              </value>
            </param>
            <param index="4">
              <value>
                <![CDATA[testdata1234]]>
              </value>
            </param>
            <param index="5">
              <value>
                <![CDATA[3]]>
              </value>
            </param>
            <param index="6">
              <value>
                <![CDATA[9]]>
              </value>
            </param>
            <param index="7">
              <value>
                <![CDATA[1995]]>
              </value>
            </param>
            <param index="8">
              <value>
                <![CDATA[DEU]]>
              </value>
            </param>
            <param index="9">
              <value>
                <![CDATA[Gurhnawa]]>
              </value>
            </param>
            <param index="10">
              <value>
                <![CDATA[560049]]>
              </value>
            </param>
            <param index="11">
              <value>
                <![CDATA[Motihari]]>
              </value>
            </param>
          </params>
          <reporter-output>
          </reporter-output>
        </test-method> <!-- registerationInGerman -->
        <test-method status="PASS" signature="teardown(java.lang.reflect.Method)[pri:0, instance:com.qa.testCases.GermanPageTest@cb0755b]" name="teardown" is-config="true" duration-ms="695" started-at="2020-05-18T15:42:00Z" finished-at="2020-05-18T15:42:01Z">
          <params>
            <param index="0">
              <value>
                <![CDATA[public void com.qa.testCases.GermanPageTest.registerationInGerman(java.lang.String,java.lang.String,java.lang.String,java.lang.String,java.lang.String,int,int,int,java.lang.String,java.lang.String,int,java.lang.String) throws java.lang.InterruptedException]]>
              </value>
            </param>
          </params>
          <reporter-output>
          </reporter-output>
        </test-method> <!-- teardown -->
      </class> <!-- com.qa.testCases.GermanPageTest -->
    </test> <!-- Olay Test -->
  </suite> <!-- Suite -->
</testng-results>
